2022/10/10 18:16:23 {"callers":["/Users/zhangqi/go/src/senyas.tour.com/blog-service/main.go: 23 main.init.0"],"level":"info","message":"eddycjy: go-programming-tour-book/blog-service","time":1665396983045109000}
2022/10/10 18:16:52 {"callers":["/Users/zhangqi/go/src/senyas.tour.com/blog-service/main.go: 23 main.init.0"],"level":"info","message":"eddycjy: go-programming-tour-book/blog-service","time":1665397012308461000}
2022/10/10 18:23:55 {"callers":["/Users/zhangqi/go/src/senyas.tour.com/blog-service/main.go: 23 main.init.0"],"level":"info","message":"eddycjy: senyas.tour/blog-service","time":1665397435230677000}
2022/10/10 18:23:55 {"callers":["/Users/zhangqi/go/src/senyas.tour.com/blog-service/main.go: 23 main.init.0"],"level":"info","message":"%s: senyas.tour/%seddycjyblog-service","time":1665397435231076000}
2022/10/10 18:46:31 {"callers":["/Users/zhangqi/go/src/senyas.tour.com/blog-service/main.go: 23 main.init.0"],"level":"info","message":"eddycjy: senyas.tour/blog-service","time":1665398791603593000}
2022/10/10 18:46:31 {"callers":["/Users/zhangqi/go/src/senyas.tour.com/blog-service/main.go: 23 main.init.0"],"level":"info","message":"%s: senyas.tour/%seddycjyblog-service","time":1665398791603996000}
2022/10/10 18:49:33 {"callers":["/Users/zhangqi/go/src/senyas.tour.com/blog-service/main.go: 23 main.init.0"],"level":"info","message":"eddycjy: senyas.tour/blog-service","time":1665398973275300000}
2022/10/10 18:49:33 {"callers":["/Users/zhangqi/go/src/senyas.tour.com/blog-service/main.go: 23 main.init.0"],"level":"info","message":"%s: senyas.tour/%seddycjyblog-service","time":1665398973275702000}
2022/10/10 18:49:53 {"callers":["/Users/zhangqi/go/src/senyas.tour.com/blog-service/main.go: 23 main.init.0"],"level":"info","message":"eddycjy: senyas.tour/blog-service","time":1665398993133017000}
2022/10/10 18:49:53 {"callers":["/Users/zhangqi/go/src/senyas.tour.com/blog-service/main.go: 23 main.init.0"],"level":"info","message":"%s: senyas.tour/%seddycjyblog-service","time":1665398993133379000}
2022/10/10 18:50:24 {"callers":["/Users/zhangqi/go/src/senyas.tour.com/blog-service/main.go: 23 main.init.0"],"level":"info","message":"eddycjy: senyas.tour/blog-service","time":1665399024005511000}
2022/10/10 18:50:24 {"callers":["/Users/zhangqi/go/src/senyas.tour.com/blog-service/main.go: 23 main.init.0"],"level":"info","message":"%s: senyas.tour/%seddycjyblog-service","time":1665399024005796000}
2022/10/10 19:09:33 {"callers":["/Users/zhangqi/go/src/senyas.tour.com/blog-service/main.go: 23 main.init.0"],"level":"info","message":"eddycjy: senyas.tour/blog-service","time":1665400173871958000}
2022/10/10 19:09:33 {"callers":["/Users/zhangqi/go/src/senyas.tour.com/blog-service/main.go: 23 main.init.0"],"level":"info","message":"%s: senyas.tour/%seddycjyblog-service","time":1665400173872377000}
2022/10/10 19:12:20 {"callers":["/Users/zhangqi/go/src/senyas.tour.com/blog-service/main.go: 23 main.init.0"],"level":"info","message":"eddycjy: senyas.tour/blog-service","time":1665400340821795000}
2022/10/10 19:12:20 {"callers":["/Users/zhangqi/go/src/senyas.tour.com/blog-service/main.go: 23 main.init.0"],"level":"info","message":"%s: senyas.tour/%seddycjyblog-service","time":1665400340822430000}
2022/10/10 19:12:31 {"callers":["/Users/zhangqi/go/src/senyas.tour.com/blog-service/main.go: 23 main.init.0"],"level":"info","message":"eddycjy: senyas.tour/blog-service","time":1665400351076050000}
2022/10/10 19:12:31 {"callers":["/Users/zhangqi/go/src/senyas.tour.com/blog-service/main.go: 23 main.init.0"],"level":"info","message":"%s: senyas.tour/%seddycjyblog-service","time":1665400351076258000}
2022/10/10 19:14:33 {"callers":["/Users/zhangqi/go/src/senyas.tour.com/blog-service/main.go: 23 main.init.0"],"level":"info","message":"eddycjy: senyas.tour/blog-service","time":1665400473851775000}
2022/10/10 19:14:33 {"callers":["/Users/zhangqi/go/src/senyas.tour.com/blog-service/main.go: 23 main.init.0"],"level":"info","message":"%s: senyas.tour/%seddycjyblog-service","time":1665400473852233000}
2022/10/10 19:47:51 {"callers":["/Users/zhangqi/go/src/senyas.tour.com/blog-service/main.go: 23 main.init.0"],"level":"info","message":"eddycjy: senyas.tour/blog-service","time":1665402471384692000}
2022/10/10 19:47:51 {"callers":["/Users/zhangqi/go/src/senyas.tour.com/blog-service/main.go: 23 main.init.0"],"level":"info","message":"%s: senyas.tour/%seddycjyblog-service","time":1665402471384997000}
2022/10/10 19:47:56 {"callers":["/Users/zhangqi/go/src/senyas.tour.com/blog-service/main.go: 23 main.init.0"],"level":"info","message":"eddycjy: senyas.tour/blog-service","time":1665402476711552000}
2022/10/10 19:47:56 {"callers":["/Users/zhangqi/go/src/senyas.tour.com/blog-service/main.go: 23 main.init.0"],"level":"info","message":"%s: senyas.tour/%seddycjyblog-service","time":1665402476711655000}
2022/10/10 19:56:05 {"callers":["/Users/zhangqi/go/src/senyas.tour.com/blog-service/main.go: 23 main.init.0"],"level":"info","message":"eddycjy: senyas.tour/blog-service","time":1665402965596275000}
2022/10/10 19:56:05 {"callers":["/Users/zhangqi/go/src/senyas.tour.com/blog-service/main.go: 23 main.init.0"],"level":"info","message":"%s: senyas.tour/%seddycjyblog-service","time":1665402965596696000}
2022/10/11 19:13:04 {"callers":["/Users/zhangqi/go/src/senyas.tour.com/blog-service/main.go: 23 main.init.0"],"level":"info","message":"eddycjy: senyas.tour/blog-service","time":1665486784267692000}
2022/10/11 19:13:04 {"callers":["/Users/zhangqi/go/src/senyas.tour.com/blog-service/main.go: 23 main.init.0"],"level":"info","message":"%s: senyas.tour/%seddycjyblog-service","time":1665486784268224000}
2022/10/11 19:13:45 {"callers":["/Users/zhangqi/go/src/senyas.tour.com/blog-service/main.go: 23 main.init.0"],"level":"error","message":"app.BindAndValid errs: State必须是[0 1]中的一个","time":1665486825709368000}
2022/10/12 15:21:24 {"callers":["/Users/zhangqi/go/src/senyas.tour.com/blog-service/main.go: 23 main.init.0"],"level":"info","message":"eddycjy: senyas.tour/blog-service","time":1665559284504449000}
2022/10/12 15:21:24 {"callers":["/Users/zhangqi/go/src/senyas.tour.com/blog-service/main.go: 23 main.init.0"],"level":"info","message":"%s: senyas.tour/%seddycjyblog-service","time":1665559284504888000}
2022/10/12 15:21:48 {"callers":["/Users/zhangqi/go/src/senyas.tour.com/blog-service/main.go: 23 main.init.0"],"level":"error","message":"svc.CreateTag err: Error 1054: Unknown column 'created_by' in 'field list'","time":1665559308247483000}
2022/10/12 15:23:36 {"callers":["/Users/zhangqi/go/src/senyas.tour.com/blog-service/main.go: 23 main.init.0"],"level":"error","message":"svc.CreateTag err: Error 1054: Unknown column 'created_by' in 'field list'","time":1665559416572003000}
2022/10/12 15:31:21 {"callers":["/Users/zhangqi/go/src/senyas.tour.com/blog-service/main.go: 23 main.init.0"],"level":"error","message":"svc.CreateTag err: Error 1054: Unknown column 'created_by' in 'field list'","time":1665559881009090000}
2022/10/12 15:31:43 {"callers":["/Users/zhangqi/go/src/senyas.tour.com/blog-service/main.go: 23 main.init.0"],"level":"error","message":"svc.CreateTag err: Error 1054: Unknown column 'created_by' in 'field list'","time":1665559903560776000}
2022/10/12 15:33:22 {"callers":["/Users/zhangqi/go/src/senyas.tour.com/blog-service/main.go: 23 main.init.0"],"level":"error","message":"svc.CountTag err: CreatedBy为必填字段","time":1665560002971176000}
2022/10/12 15:33:30 {"callers":["/Users/zhangqi/go/src/senyas.tour.com/blog-service/main.go: 23 main.init.0"],"level":"error","message":"svc.CountTag err: CreatedBy为必填字段","time":1665560010127389000}
2022/10/12 15:33:52 {"callers":["/Users/zhangqi/go/src/senyas.tour.com/blog-service/main.go: 23 main.init.0"],"level":"error","message":"svc.CountTag err: CreatedBy为必填字段","time":1665560032412927000}
2022/10/12 15:34:10 {"callers":["/Users/zhangqi/go/src/senyas.tour.com/blog-service/main.go: 23 main.init.0"],"level":"error","message":"svc.CountTag err: CreatedBy为必填字段","time":1665560050757768000}
2022/10/12 15:34:17 {"callers":["/Users/zhangqi/go/src/senyas.tour.com/blog-service/main.go: 23 main.init.0"],"level":"error","message":"svc.CountTag err: CreatedBy为必填字段","time":1665560057864851000}
2022/10/12 15:35:31 {"callers":["/Users/zhangqi/go/src/senyas.tour.com/blog-service/main.go: 23 main.init.0"],"level":"info","message":"eddycjy: senyas.tour/blog-service","time":1665560131301574000}
2022/10/12 15:35:31 {"callers":["/Users/zhangqi/go/src/senyas.tour.com/blog-service/main.go: 23 main.init.0"],"level":"info","message":"%s: senyas.tour/%seddycjyblog-service","time":1665560131301683000}
2022/10/12 15:35:40 {"callers":["/Users/zhangqi/go/src/senyas.tour.com/blog-service/main.go: 23 main.init.0"],"level":"info","message":"eddycjy: senyas.tour/blog-service","time":1665560140722951000}
2022/10/12 15:35:40 {"callers":["/Users/zhangqi/go/src/senyas.tour.com/blog-service/main.go: 23 main.init.0"],"level":"info","message":"%s: senyas.tour/%seddycjyblog-service","time":1665560140723152000}
2022/10/12 15:35:49 {"callers":["/Users/zhangqi/go/src/senyas.tour.com/blog-service/main.go: 23 main.init.0"],"level":"error","message":"svc.CountTag err: CreatedBy为必填字段","time":1665560149217162000}
2022/10/12 15:36:10 {"callers":["/Users/zhangqi/go/src/senyas.tour.com/blog-service/main.go: 23 main.init.0"],"level":"error","message":"svc.CountTag err: CreatedBy为必填字段","time":1665560170953843000}
2022/10/12 15:36:25 {"callers":["/Users/zhangqi/go/src/senyas.tour.com/blog-service/main.go: 23 main.init.0"],"level":"error","message":"svc.CreateTag err: Error 1054: Unknown column 'created_by' in 'field list'","time":1665560185930004000}
2022/10/12 15:38:07 {"callers":["/Users/zhangqi/go/src/senyas.tour.com/blog-service/main.go: 23 main.init.0"],"level":"info","message":"eddycjy: senyas.tour/blog-service","time":1665560287366440000}
2022/10/12 15:38:07 {"callers":["/Users/zhangqi/go/src/senyas.tour.com/blog-service/main.go: 23 main.init.0"],"level":"info","message":"%s: senyas.tour/%seddycjyblog-service","time":1665560287366648000}
2022/10/12 15:38:15 {"callers":["/Users/zhangqi/go/src/senyas.tour.com/blog-service/main.go: 23 main.init.0"],"level":"error","message":"svc.CreateTag err: Error 1054: Unknown column 'created_by' in 'field list'","time":1665560295692792000}
2022/10/12 15:39:21 {"callers":["/Users/zhangqi/go/src/senyas.tour.com/blog-service/main.go: 23 main.init.0"],"level":"info","message":"eddycjy: senyas.tour/blog-service","time":1665560361820727000}
2022/10/12 15:39:21 {"callers":["/Users/zhangqi/go/src/senyas.tour.com/blog-service/main.go: 23 main.init.0"],"level":"info","message":"%s: senyas.tour/%seddycjyblog-service","time":1665560361820927000}
2022/10/12 15:39:29 {"callers":["/Users/zhangqi/go/src/senyas.tour.com/blog-service/main.go: 23 main.init.0"],"level":"error","message":"svc.CountTag err: CreatedBy为必填字段","time":1665560369816613000}
2022/10/12 15:41:54 {"callers":["/Users/zhangqi/go/src/senyas.tour.com/blog-service/main.go: 23 main.init.0"],"level":"error","message":"svc.CountTag err: CreatedBy为必填字段","time":1665560514479110000}
2022/10/12 15:44:05 {"callers":["/Users/zhangqi/go/src/senyas.tour.com/blog-service/main.go: 23 main.init.0"],"level":"error","message":"svc.CreateTag err: Error 1054: Unknown column 'created_by' in 'field list'","time":1665560645532758000}
2022/10/12 15:47:34 {"callers":["/Users/zhangqi/go/src/senyas.tour.com/blog-service/main.go: 23 main.init.0"],"level":"error","message":"svc.CreateTag err: Error 1146: Table 'blog_service.blog_tag' doesn't exist","time":1665560854145529000}
2022/10/12 15:47:43 {"callers":["/Users/zhangqi/go/src/senyas.tour.com/blog-service/main.go: 23 main.init.0"],"level":"info","message":"eddycjy: senyas.tour/blog-service","time":1665560863015138000}
2022/10/12 15:47:43 {"callers":["/Users/zhangqi/go/src/senyas.tour.com/blog-service/main.go: 23 main.init.0"],"level":"info","message":"%s: senyas.tour/%seddycjyblog-service","time":1665560863015276000}
2022/10/12 15:48:08 {"callers":["/Users/zhangqi/go/src/senyas.tour.com/blog-service/main.go: 23 main.init.0"],"level":"error","message":"svc.CreateTag err: Error 1146: Table 'blog_service.blog_tag' doesn't exist","time":1665560888169998000}
2022/10/12 15:53:31 {"callers":["/Users/zhangqi/go/src/senyas.tour.com/blog-service/main.go: 23 main.init.0"],"level":"info","message":"eddycjy: senyas.tour/blog-service","time":1665561211113704000}
2022/10/12 15:53:31 {"callers":["/Users/zhangqi/go/src/senyas.tour.com/blog-service/main.go: 23 main.init.0"],"level":"info","message":"%s: senyas.tour/%seddycjyblog-service","time":1665561211113907000}
2022/10/12 20:50:04 {"callers":["/Users/zhangqi/go/src/senyas.tour.com/blog-service/main.go: 23 main.init.0"],"level":"info","message":"eddycjy: senyas.tour/blog-service","time":1665579004228271000}
2022/10/12 20:50:04 {"callers":["/Users/zhangqi/go/src/senyas.tour.com/blog-service/main.go: 23 main.init.0"],"level":"info","message":"%s: senyas.tour/%seddycjyblog-service","time":1665579004228417000}
2022/10/12 20:50:49 {"callers":["/Users/zhangqi/go/src/senyas.tour.com/blog-service/main.go: 23 main.init.0"],"level":"error","message":"svc.CountTag err: ID为必填字段","time":1665579049350629000}
2022/10/12 20:55:04 {"callers":["/Users/zhangqi/go/src/senyas.tour.com/blog-service/main.go: 23 main.init.0"],"level":"info","message":"eddycjy: senyas.tour/blog-service","time":1665579304670484000}
2022/10/12 20:55:04 {"callers":["/Users/zhangqi/go/src/senyas.tour.com/blog-service/main.go: 23 main.init.0"],"level":"info","message":"%s: senyas.tour/%seddycjyblog-service","time":1665579304670704000}
2022/10/12 21:53:21 {"callers":["/Users/zhangqi/go/src/senyas.tour.com/blog-service/main.go: 23 main.init.0"],"level":"info","message":"eddycjy: senyas.tour/blog-service","time":1665582801133113000}
2022/10/12 21:53:21 {"callers":["/Users/zhangqi/go/src/senyas.tour.com/blog-service/main.go: 23 main.init.0"],"level":"info","message":"%s: senyas.tour/%seddycjyblog-service","time":1665582801133350000}
2022/10/12 21:58:37 {"callers":["/Users/zhangqi/go/src/senyas.tour.com/blog-service/main.go: 23 main.init.0"],"level":"info","message":"eddycjy: senyas.tour/blog-service","time":1665583117709292000}
2022/10/12 21:58:37 {"callers":["/Users/zhangqi/go/src/senyas.tour.com/blog-service/main.go: 23 main.init.0"],"level":"info","message":"%s: senyas.tour/%seddycjyblog-service","time":1665583117709485000}
